<?xml version="1.0" encoding="UTF-8"?>
<testsuite xmlns:xsi="http://www.w3.org/2001/XMLSchema-instance" xsi:noNamespaceSchemaLocation="https://maven.apache.org/surefire/maven-surefire-plugin/xsd/surefire-test-report-3.0.xsd" version="3.0" name="com.xzydominic.xzymq.XzymqApplicationTests" time="2.58" tests="1" errors="0" skipped="0" failures="0">
  <properties>
[...]
</properties>
  <testcase name="contextLoads" classname="com.xzydominic.xzymq.XzymqApplicationTests" time="0.4">
    <system-out><![CDATA[
  .   ____          _            __ _ _
 /\\ / ___'_ __ _ _(_)_ __  __ _ \ \ \ \
( ( )\___ | '_ | '_| | '_ \/ _` | \ \ \ \
 \\/  ___)| |_)| | | | | || (_| |  ) ) ) )
  '  |____| .__|_| |_|_| |_\__, | / / / /
 =========|_|==============|___/=/_/_/_/
 :: Spring Boot ::                (v3.1.4)

2023-10-18T16:31:22.610+08:00  INFO 45190 --- [           main] c.x.xzymq.XzymqApplicationTests          : Starting XzymqApplicationTests using Java 18.0.2 with PID 45190 (started by xuzeyao in /Users/xuzeyao/Documents/zygwzx/xzymq)
2023-10-18T16:31:22.611+08:00  INFO 45190 --- [           main] c.x.xzymq.XzymqApplicationTests          : No active profile set, falling back to 1 default profile: "default"
2023-10-18T16:31:22.948+08:00  INFO 45190 --- [           main] .s.d.r.c.RepositoryConfigurationDelegate : Multiple Spring Data modules found, entering strict repository configuration mode
2023-10-18T16:31:22.950+08:00  INFO 45190 --- [           main] .s.d.r.c.RepositoryConfigurationDelegate : Bootstrapping Spring Data Redis repositories in DEFAULT mode.
2023-10-18T16:31:22.970+08:00  INFO 45190 --- [           main] .s.d.r.c.RepositoryConfigurationDelegate : Finished Spring Data repository scanning in 11 ms. Found 0 Redis repository interfaces.
2023-10-18T16:31:24.324+08:00  WARN 45190 --- [           main] .s.s.UserDetailsServiceAutoConfiguration : 

Using generated security password: a7ca32a1-ac25-4ee8-8c37-f234c75f24c4

This generated password is for development use only. Your security configuration must be updated before running your application in production.

2023-10-18T16:31:24.411+08:00  INFO 45190 --- [           main] o.s.s.web.DefaultSecurityFilterChain     : Will secure any request with [org.springframework.security.web.session.DisableEncodeUrlFilter@10a064bd, org.springframework.security.web.context.request.async.WebAsyncManagerIntegrationFilter@2de7fe0e, org.springframework.security.web.context.SecurityContextHolderFilter@67d180e4, org.springframework.security.web.header.HeaderWriterFilter@46a97805, org.springframework.security.web.csrf.CsrfFilter@3bf26810, org.springframework.security.web.authentication.logout.LogoutFilter@4ec616d6, org.springframework.security.web.authentication.UsernamePasswordAuthenticationFilter@7d47b021, org.springframework.security.web.authentication.ui.DefaultLoginPageGeneratingFilter@3c116f26, org.springframework.security.web.authentication.ui.DefaultLogoutPageGeneratingFilter@2ff8d39b, org.springframework.security.web.authentication.www.BasicAuthenticationFilter@113c4ad6, org.springframework.security.web.savedrequest.RequestCacheAwareFilter@666b91db, org.springframework.security.web.servletapi.SecurityContextHolderAwareRequestFilter@4f356b98, org.springframework.security.web.authentication.AnonymousAuthenticationFilter@684a802a, org.springframework.security.web.access.ExceptionTranslationFilter@119f072c, org.springframework.security.web.access.intercept.AuthorizationFilter@2d3bb944]
2023-10-18T16:31:24.465+08:00  INFO 45190 --- [           main] c.x.xzymq.XzymqApplicationTests          : Started XzymqApplicationTests in 1.997 seconds (process running for 2.382)
2023-10-18T16:31:24.468+08:00  INFO 45190 --- [           main] c.x.x.c.r.a.base.RabbitConnectAspect     : ZyRabbit framework is running...
]]></system-out>
  </testcase>
</testsuite>